Warning: option --override-display-fps was replaced with --display-fps-override and might be removed in the future.
   cplayer: The shared-script-properties property is deprecated and will be removed in the future. Use the user-data property instead.
   cplayer: Playing: hat_1.wav
   cplayer:  (+) Audio --aid=1 (pcm_s16le 2ch 44100Hz)
display-tags: File tags:
display-tags:  Date: 2022-06-18
 ao/pipewire: The --audio-stream-silence option is set. This will break certain player behavior.
     cplayer: AO: [pipewire] 44100Hz stereo 2ch doublep
  statusline: A: 00:00:00 / 00:00:01 (0%)
  statusline: A: 00:00:00 / 00:00:01 (1%)
  statusline: A: 00:00:00 / 00:00:01 (17%)
  statusline: A: 00:00:00 / 00:00:01 (41%)
  statusline: A: 00:00:00 / 00:00:01 (64%)
     cplayer: Playing: kick_b.wav
  statusline: A: 00:00:00 / 00:00:01 (64%)
     cplayer:  (+) Audio --aid=1 (pcm_s16le 2ch 44100Hz)
  statusline: A: 00:00:00 / 00:00:01 (64%)
display-tags: File tags:
  statusline: A: 00:00:00 / 00:00:01 (64%)
display-tags:  Date: 2022-06-18
  statusline: A: 00:00:00 / 00:00:01 (64%)
  statusline: A: -00:00:00 / 00:00:00 (0%)
  statusline: A: 00:00:00 / 00:00:00 (13%)
  statusline: A: 00:00:00 / 00:00:00 (23%)
  statusline: A: 00:00:00 / 00:00:00 (33%)
     cplayer: Playing: snare_F#.wav
  statusline: A: 00:00:00 / 00:00:00 (33%)
     cplayer:  (+) Audio --aid=1 (pcm_s16le 2ch 44100Hz)
  statusline: A: 00:00:00 / 00:00:00 (33%)
display-tags: File tags:
  statusline: A: 00:00:00 / 00:00:00 (33%)
display-tags:  Date: 2022-06-18
  statusline: A: 00:00:00 / 00:00:00 (33%)
  statusline: A: -00:00:00 / 00:00:01 (0%)
  statusline: A: 00:00:00 / 00:00:01 (1%)
  statusline: A: 00:00:00 / 00:00:01 (4%)
  statusline: A: 00:00:00 / 00:00:01 (8%)
  statusline: A: 00:00:00 / 00:00:01 (11%)
  statusline: A: 00:00:00 / 00:00:01 (14%)
  statusline: A: 00:00:00 / 00:00:01 (17%)
  statusline: A: 00:00:00 / 00:00:01 (23%)
  statusline: A: 00:00:00 / 00:00:01 (26%)
  statusline: A: 00:00:00 / 00:00:01 (29%)
  statusline: A: 00:00:00 / 00:00:01 (33%)
  statusline: A: 00:00:00 / 00:00:01 (36%)
  statusline: A: 00:00:00 / 00:00:01 (39%)
  statusline: A: 00:00:00 / 00:00:01 (42%)
  statusline: A: 00:00:00 / 00:00:01 (46%)
  statusline: A: 00:00:00 / 00:00:01 (49%)
  statusline: A: 00:00:00 / 00:00:01 (52%)
  statusline: A: 00:00:00 / 00:00:01 (55%)
  statusline: A: 00:00:00 / 00:00:01 (59%)
  statusline: A: 00:00:00 / 00:00:01 (62%)
  statusline: A: 00:00:01 / 00:00:01 (65%)
  statusline: A: 00:00:01 / 00:00:01 (68%)
  statusline: A: 00:00:01 / 00:00:01 (72%)
  statusline: A: 00:00:01 / 00:00:01 (75%)
  statusline: A: 00:00:01 / 00:00:01 (78%)
  statusline: A: 00:00:01 / 00:00:01 (81%)
  statusline: A: 00:00:01 / 00:00:01 (85%)
  statusline: A: 00:00:01 / 00:00:01 (88%)
  statusline: A: 00:00:01 / 00:00:01 (93%)
  statusline: A: 00:00:01 / 00:00:01 (96%)
  statusline: (Paused) A: 00:00:01 / 00:00:01 (97%)
  statusline: (Paused) A: 00:00:01 / 00:00:01 (100%)
  statusline: A: 00:00:01 / 00:00:01 (100%)
  statusline: (Paused) A: 00:00:01 / 00:00:01 (100%)
  statusline: A: 00:00:01 / 00:00:01 (100%)
  statusline: (Paused) A: 00:00:01 / 00:00:01 (100%)
     cplayer: Exiting... (Quit)
  statusline: (Paused) A: 00:00:01 / 00:00:01 (100%)
Warning: option --override-display-fps was replaced with --display-fps-override and might be removed in the future.
   cplayer: The shared-script-properties property is deprecated and will be removed in the future. Use the user-data property instead.
   cplayer: Playing: kick_b.wav
   cplayer:  (+) Audio --aid=1 (pcm_s16le 2ch 44100Hz)
display-tags: File tags:
display-tags:  Date: 2022-06-18
 ao/pipewire: The --audio-stream-silence option is set. This will break certain player behavior.
     cplayer: AO: [pipewire] 44100Hz stereo 2ch doublep
  statusline: A: 00:00:00 / 00:00:00 (0%)
  statusline: A: 00:00:00 / 00:00:00 (3%)
  statusline: A: 00:00:00 / 00:00:00 (40%)
     cplayer: Playing: kick_b.wav
  statusline: A: 00:00:00 / 00:00:00 (40%)
     cplayer:  (+) Audio --aid=1 (pcm_s16le 2ch 44100Hz)
  statusline: A: 00:00:00 / 00:00:00 (40%)
display-tags: File tags:
  statusline: A: 00:00:00 / 00:00:00 (40%)
display-tags:  Date: 2022-06-18
  statusline: A: 00:00:00 / 00:00:00 (40%)
  statusline: A: -00:00:00 / 00:00:00 (0%)
  statusline: A: 00:00:00 / 00:00:00 (2%)
  statusline: A: 00:00:00 / 00:00:00 (43%)
     cplayer: Playing: kick_b.wav
  statusline: A: 00:00:00 / 00:00:00 (43%)
     cplayer:  (+) Audio --aid=1 (pcm_s16le 2ch 44100Hz)
  statusline: A: 00:00:00 / 00:00:00 (43%)
display-tags: File tags:
  statusline: A: 00:00:00 / 00:00:00 (43%)
display-tags:  Date: 2022-06-18
  statusline: A: 00:00:00 / 00:00:00 (43%)
  statusline: A: -00:00:00 / 00:00:00 (0%)
  statusline: A: 00:00:00 / 00:00:00 (0%)
  statusline: A: 00:00:00 / 00:00:00 (41%)
  statusline: A: 00:00:00 / 00:00:00 (51%)
  statusline: A: 00:00:00 / 00:00:00 (89%)
  statusline: (Paused) A: 00:00:00 / 00:00:00 (89%)
     cplayer: Exiting... (Quit)
  statusline: (Paused) A: 00:00:00 / 00:00:00 (89%)
Warning: option --override-display-fps was replaced with --display-fps-override and might be removed in the future.
   cplayer: The shared-script-properties property is deprecated and will be removed in the future. Use the user-data property instead.
  autoload: Prepending kick_b.wav 
  autoload: Prepending hat_1.wav 
   cplayer:  (+) Audio --aid=1 (pcm_s16le 2ch 44100Hz)
display-tags: File tags:
display-tags:  Date: 2022-06-18
 ao/pipewire: The --audio-stream-silence option is set. This will break certain player behavior.
     cplayer: AO: [pipewire] 44100Hz stereo 2ch doublep
  statusline: A: -00:00:00 / 00:00:01 (0%)
  statusline: A: 00:00:00 / 00:00:01 (13%)
  statusline: A: 00:00:00 / 00:00:01 (16%)
     cplayer: Exiting... (Quit)
  statusline: A: 00:00:00 / 00:00:01 (16%)
